<?xml version="1.0" encoding="UTF-8"?>
<!-- Generated by org.testng.reporters.JUnitReportReporter -->
<testsuite skipped="0" hostname="LAPTOP-KV3J24MC" name="QAclickacademy.RESTAPITest" tests="2" failures="0" timestamp="25 Apr 2019 22:35:55 GMT" time="0.002" errors="0">
  <testcase name="API" time="0.002" classname="QAclickacademy.RESTAPITest"/>
  <testcase name="APItest" time="0.000" classname="QAclickacademy.RESTAPITest"/>
</testsuite> <!-- QAclickacademy.RESTAPITest -->
