<?xml version="1.0" encoding="UTF-8"?>
<!-- Generated by org.testng.reporters.JUnitReportReporter -->
<testsuite skipped="0" hostname="LAPTOP-KV3J24MC" name="QAclickacademy.AppiumTest" tests="2" failures="0" timestamp="25 Apr 2019 22:34:47 GMT" time="0.005" errors="0">
  <testcase name="appiumTest" time="0.001" classname="QAclickacademy.AppiumTest"/>
  <testcase name="appium" time="0.004" classname="QAclickacademy.AppiumTest"/>
</testsuite> <!-- QAclickacademy.AppiumTest -->
