<?xml version="1.0" encoding="UTF-8"?>
<!-- Generated by org.testng.reporters.JUnitReportReporter -->
<testsuite skipped="0" hostname="LAPTOP-KV3J24MC" name="QAclickacademy.SeleniumTest" tests="2" failures="0" timestamp="25 Apr 2019 22:35:55 GMT" time="0.031" errors="0">
  <testcase name="Seleniumtest" time="0.001" classname="QAclickacademy.SeleniumTest"/>
  <testcase name="Selenium" time="0.030" classname="QAclickacademy.SeleniumTest"/>
</testsuite> <!-- QAclickacademy.SeleniumTest -->
